d:\interngl\minigamestarter\trainingframework\debug-amd\vc142.pdb
d:\interngl\minigamestarter\trainingframework\debug-amd\vc142.idb
d:\interngl\minigamestarter\trainingframework\debug-amd\trainingframework.obj
d:\interngl\minigamestarter\trainingframework\debug-amd\gsplay.obj
d:\interngl\minigamestarter\trainingframework\debug-amd\gsmenu.obj
d:\interngl\minigamestarter\trainingframework\debug-amd\gsintro.obj
d:\interngl\minigamestarter\trainingframework\debug-amd\gamestatemachine.obj
d:\interngl\minigamestarter\trainingframework\debug-amd\gamestatebase.obj
d:\interngl\minigamestarter\trainingframework\debug-amd\texture.obj
d:\interngl\minigamestarter\trainingframework\debug-amd\text.obj
d:\interngl\minigamestarter\trainingframework\debug-amd\spriteanimation.obj
d:\interngl\minigamestarter\trainingframework\debug-amd\shader.obj
d:\interngl\minigamestarter\trainingframework\debug-amd\model.obj
d:\interngl\minigamestarter\trainingframework\debug-amd\sprite3d.obj
d:\interngl\minigamestarter\trainingframework\debug-amd\camera.obj
d:\interngl\minigamestarter\trainingframework\debug-amd\sprite2d.obj
d:\interngl\minigamestarter\trainingframework\debug-amd\gamebutton.obj
d:\interngl\minigamestarter\trainingframework\debug-amd\font.obj
d:\interngl\minigamestarter\trainingframework\debug-amd\resourcemanagers.obj
d:\interngl\minigamestarter\trainingframework\debug-amd\application.obj
d:\interngl\minigamestarter\trainingframework\debug-amd\trainingframework.ilk
d:\interngl\minigamestarter\bin-amd\trainingframework.exe
d:\interngl\minigamestarter\bin-amd\trainingframework.pdb
d:\interngl\minigamestarter\\bin-amd\trainingframework.pdb
d:\interngl\minigamestarter\trainingframework\debug-amd\training.fc024ec8.tlog\cl.command.1.tlog
d:\interngl\minigamestarter\trainingframework\debug-amd\training.fc024ec8.tlog\cl.read.1.tlog
d:\interngl\minigamestarter\trainingframework\debug-amd\training.fc024ec8.tlog\cl.write.1.tlog
d:\interngl\minigamestarter\trainingframework\debug-amd\training.fc024ec8.tlog\link.command.1.tlog
d:\interngl\minigamestarter\trainingframework\debug-amd\training.fc024ec8.tlog\link.read.1.tlog
d:\interngl\minigamestarter\trainingframework\debug-amd\training.fc024ec8.tlog\link.write.1.tlog
