d:\interngl\minigamestarter\freetype\objs\vc2019\win32\freetype.pdb
d:\interngl\minigamestarter\freetype\objs\vc2019\win32\debug\ftdebug.obj
d:\interngl\minigamestarter\freetype\objs\vc2019\win32\debug\ftbitmap.obj
d:\interngl\minigamestarter\freetype\objs\vc2019\win32\debug\ftwinfnt.obj
d:\interngl\minigamestarter\freetype\objs\vc2019\win32\debug\psmodule.obj
d:\interngl\minigamestarter\freetype\objs\vc2019\win32\debug\cff.obj
d:\interngl\minigamestarter\freetype\objs\vc2019\win32\debug\fttype1.obj
d:\interngl\minigamestarter\freetype\objs\vc2019\win32\debug\raster.obj
d:\interngl\minigamestarter\freetype\objs\vc2019\win32\debug\ftcache.obj
d:\interngl\minigamestarter\freetype\objs\vc2019\win32\debug\ftlcdfil.obj
d:\interngl\minigamestarter\freetype\objs\vc2019\win32\debug\type1cid.obj
d:\interngl\minigamestarter\freetype\objs\vc2019\win32\debug\ftinit.obj
d:\interngl\minigamestarter\freetype\objs\vc2019\win32\debug\ftbbox.obj
d:\interngl\minigamestarter\freetype\objs\vc2019\win32\debug\ftpatent.obj
d:\interngl\minigamestarter\freetype\objs\vc2019\win32\debug\winfnt.obj
d:\interngl\minigamestarter\freetype\objs\vc2019\win32\debug\bdf.obj
d:\interngl\minigamestarter\freetype\objs\vc2019\win32\debug\ftpfr.obj
d:\interngl\minigamestarter\freetype\objs\vc2019\win32\debug\pshinter.obj
d:\interngl\minigamestarter\freetype\objs\vc2019\win32\debug\ftlzw.obj
d:\interngl\minigamestarter\freetype\objs\vc2019\win32\debug\ftsynth.obj
d:\interngl\minigamestarter\freetype\objs\vc2019\win32\debug\sfnt.obj
d:\interngl\minigamestarter\freetype\objs\vc2019\win32\debug\ftbase.obj
d:\interngl\minigamestarter\freetype\objs\vc2019\win32\debug\ftmm.obj
d:\interngl\minigamestarter\freetype\objs\vc2019\win32\debug\pcf.obj
d:\interngl\minigamestarter\freetype\objs\vc2019\win32\debug\ftglyph.obj
d:\interngl\minigamestarter\freetype\objs\vc2019\win32\debug\ftxf86.obj
d:\interngl\minigamestarter\freetype\objs\vc2019\win32\debug\type1.obj
d:\interngl\minigamestarter\freetype\objs\vc2019\win32\debug\ftgzip.obj
d:\interngl\minigamestarter\freetype\objs\vc2019\win32\debug\ftsystem.obj
d:\interngl\minigamestarter\freetype\objs\vc2019\win32\debug\ftotval.obj
d:\interngl\minigamestarter\freetype\objs\vc2019\win32\debug\type42.obj
d:\interngl\minigamestarter\freetype\objs\vc2019\win32\debug\ftfstype.obj
d:\interngl\minigamestarter\freetype\objs\vc2019\win32\debug\smooth.obj
d:\interngl\minigamestarter\freetype\objs\vc2019\win32\debug\psaux.obj
d:\interngl\minigamestarter\freetype\objs\vc2019\win32\debug\autofit.obj
d:\interngl\minigamestarter\freetype\objs\vc2019\win32\debug\ftgxval.obj
d:\interngl\minigamestarter\freetype\objs\vc2019\win32\debug\truetype.obj
d:\interngl\minigamestarter\freetype\objs\vc2019\win32\debug\ftgasp.obj
d:\interngl\minigamestarter\freetype\objs\vc2019\win32\debug\ftstroke.obj
d:\interngl\minigamestarter\freetype\objs\vc2019\win32\debug\pfr.obj
d:\interngl\minigamestarter\freetype\objs\vc2019\win32\freetype.lib
d:\interngl\minigamestarter\freetype\objs\vc2019\win32\debug\freetype.tlog\cl.command.1.tlog
d:\interngl\minigamestarter\freetype\objs\vc2019\win32\debug\freetype.tlog\cl.read.1.tlog
d:\interngl\minigamestarter\freetype\objs\vc2019\win32\debug\freetype.tlog\cl.write.1.tlog
d:\interngl\minigamestarter\freetype\objs\vc2019\win32\debug\freetype.tlog\lib-link.read.1.tlog
d:\interngl\minigamestarter\freetype\objs\vc2019\win32\debug\freetype.tlog\lib-link.write.1.tlog
d:\interngl\minigamestarter\freetype\objs\vc2019\win32\debug\freetype.tlog\lib.command.1.tlog
