d:\interngl\minigamestarter\trainingframework\release-amd\vc142.pdb
d:\interngl\minigamestarter\trainingframework\release-amd\trainingframework.obj
d:\interngl\minigamestarter\trainingframework\release-amd\gsplay.obj
d:\interngl\minigamestarter\trainingframework\release-amd\gsmenu.obj
d:\interngl\minigamestarter\trainingframework\release-amd\gsintro.obj
d:\interngl\minigamestarter\trainingframework\release-amd\gamestatemachine.obj
d:\interngl\minigamestarter\trainingframework\release-amd\gamestatebase.obj
d:\interngl\minigamestarter\trainingframework\release-amd\texture.obj
d:\interngl\minigamestarter\trainingframework\release-amd\text.obj
d:\interngl\minigamestarter\trainingframework\release-amd\spriteanimation.obj
d:\interngl\minigamestarter\trainingframework\release-amd\shader.obj
d:\interngl\minigamestarter\trainingframework\release-amd\model.obj
d:\interngl\minigamestarter\trainingframework\release-amd\sprite3d.obj
d:\interngl\minigamestarter\trainingframework\release-amd\camera.obj
d:\interngl\minigamestarter\trainingframework\release-amd\sprite2d.obj
d:\interngl\minigamestarter\trainingframework\release-amd\gamebutton.obj
d:\interngl\minigamestarter\trainingframework\release-amd\font.obj
d:\interngl\minigamestarter\trainingframework\release-amd\resourcemanagers.obj
d:\interngl\minigamestarter\trainingframework\release-amd\application.obj
d:\interngl\minigamestarter\bin-amd\trainingframework.exe
d:\interngl\minigamestarter\trainingframework\release-amd\trainingframework.ipdb
d:\interngl\minigamestarter\trainingframework\release-amd\trainingframework.iobj
d:\interngl\minigamestarter\bin-amd\trainingframework.pdb
d:\interngl\minigamestarter\\bin-amd\trainingframework.pdb
d:\interngl\minigamestarter\trainingframework\release-amd\training.fc024ec8.tlog\cl.command.1.tlog
d:\interngl\minigamestarter\trainingframework\release-amd\training.fc024ec8.tlog\cl.read.1.tlog
d:\interngl\minigamestarter\trainingframework\release-amd\training.fc024ec8.tlog\cl.write.1.tlog
d:\interngl\minigamestarter\trainingframework\release-amd\training.fc024ec8.tlog\link.command.1.tlog
d:\interngl\minigamestarter\trainingframework\release-amd\training.fc024ec8.tlog\link.read.1.tlog
d:\interngl\minigamestarter\trainingframework\release-amd\training.fc024ec8.tlog\link.write.1.tlog
