  GSPlay.cpp
D:\InternGL\MiniGameStarter\minigame\TrainingFramework\src\GameStates\GSPlay.cpp(41,44): warning C4244: 'argument': conversion from 'int' to 'GLfloat', possible loss of data
D:\InternGL\MiniGameStarter\minigame\TrainingFramework\src\GameStates\GSPlay.cpp(55,46): warning C4244: 'argument': conversion from 'int' to 'GLfloat', possible loss of data
D:\InternGL\MiniGameStarter\minigame\TrainingFramework\src\GameStates\GSPlay.cpp(67,70): warning C4244: 'argument': conversion from 'int' to 'GLfloat', possible loss of data
D:\InternGL\MiniGameStarter\minigame\TrainingFramework\src\GameStates\GSPlay.cpp(67,45): warning C4244: 'argument': conversion from 'int' to 'GLfloat', possible loss of data
D:\InternGL\MiniGameStarter\minigame\TrainingFramework\src\GameStates\GSPlay.cpp(476,2): warning C4065: switch statement contains 'default' but no 'case' labels
C:\Program Files\Microsoft Visual Studio\2022\Community\VC\Tools\MSVC\14.29.30133\include\xutility(149,77): warning C4244: 'argument': conversion from '_Ty' to 'float', possible loss of data
          with
          [
              _Ty=double
          ]
C:\Program Files\Microsoft Visual Studio\2022\Community\VC\Tools\MSVC\14.29.30133\include\memory(2014): message : see reference to function template instantiation 'void std::_Construct_in_place<_Ty,std::shared_ptr<Shader>&,std::shared_ptr<Font>&,std::basic_string<char,std::char_traits<char>,std::allocator<char>>,TextColor,double>(_Ty &,std::shared_ptr<Shader> &,std::shared_ptr<Font> &,std::basic_string<char,std::char_traits<char>,std::allocator<char>> &&,TextColor &&,double &&) noexcept(false)' being compiled
          with
          [
              _Ty=Text
          ]
C:\Program Files\Microsoft Visual Studio\2022\Community\VC\Tools\MSVC\14.29.30133\include\memory(2726): message : see reference to function template instantiation 'std::_Ref_count_obj2<_Ty>::_Ref_count_obj2<std::shared_ptr<Shader>&,std::shared_ptr<Font>&,std::basic_string<char,std::char_traits<char>,std::allocator<char>>,TextColor,double>(std::shared_ptr<Shader> &,std::shared_ptr<Font> &,std::basic_string<char,std::char_traits<char>,std::allocator<char>> &&,TextColor &&,double &&)' being compiled
          with
          [
              _Ty=Text
          ]
C:\Program Files\Microsoft Visual Studio\2022\Community\VC\Tools\MSVC\14.29.30133\include\memory(2726): message : see reference to function template instantiation 'std::_Ref_count_obj2<_Ty>::_Ref_count_obj2<std::shared_ptr<Shader>&,std::shared_ptr<Font>&,std::basic_string<char,std::char_traits<char>,std::allocator<char>>,TextColor,double>(std::shared_ptr<Shader> &,std::shared_ptr<Font> &,std::basic_string<char,std::char_traits<char>,std::allocator<char>> &&,TextColor &&,double &&)' being compiled
          with
          [
              _Ty=Text
          ]
D:\InternGL\MiniGameStarter\minigame\TrainingFramework\src\GameStates\GSPlay.cpp(269): message : see reference to function template instantiation 'std::shared_ptr<Text> std::make_shared<Text,std::shared_ptr<Shader>&,std::shared_ptr<Font>&,std::basic_string<char,std::char_traits<char>,std::allocator<char>>,TextColor,double>(std::shared_ptr<Shader> &,std::shared_ptr<Font> &,std::basic_string<char,std::char_traits<char>,std::allocator<char>> &&,TextColor &&,double &&)' being compiled
  TrainingFramework.vcxproj -> D:\InternGL\MiniGameStarter\minigame\BIN-Nvidia\TrainingFramework.exe
